0 verbose cli /usr/local/bin/node /usr/local/lib/node_modules/npm/bin/npm-cli.js
1 info using npm@10.9.2
2 info using node@v22.14.0
3 silly config load:file:/usr/local/lib/node_modules/npm/npmrc
4 silly config load:file:/Users/bogdanmac/Documents/New project/.npmrc
5 silly config load:file:/Users/bogdanmac/.npmrc
6 silly config load:file:/Users/bogdanmac/.npm-global/etc/npmrc
7 verbose title npm exec shadcn@latest add https://lucide-animated.com/r/flame.json https://lucide-animated.com/r/folder-open.json --yes
8 verbose argv "exec" "--" "shadcn@latest" "add" "https://lucide-animated.com/r/flame.json" "https://lucide-animated.com/r/folder-open.json" "--yes"
9 verbose logfile logs-max:10 dir:/Users/bogdanmac/Documents/New project/.npm-cache/_logs/2026-04-07T23_52_48_427Z-
10 verbose logfile /Users/bogdanmac/Documents/New project/.npm-cache/_logs/2026-04-07T23_52_48_427Z-debug-0.log
11 silly logfile done cleaning log files
12 silly packumentCache heap:4345298944 maxSize:1086324736 maxEntrySize:543162368
13 http fetch GET 200 https://registry.npmjs.org/shadcn 373ms (cache revalidated)
14 silly packumentCache heap:4345298944 maxSize:1086324736 maxEntrySize:543162368
15 silly packumentCache heap:4345298944 maxSize:1086324736 maxEntrySize:543162368
16 verbose cwd /Users/bogdanmac/Documents/New project
17 verbose os Darwin 24.6.0
18 verbose node v22.14.0
19 verbose npm  v10.9.2
20 verbose exit 0
21 info ok
